<?xml version="1.0" encoding="UTF-8"?>
<testsuite name="oo.jogodavelha.tests.regras.RegrasDeVitoriaTest" tests="14" skipped="0" failures="0" errors="0" timestamp="2021-08-27T02:19:13" hostname="LAPTOP-6LCBV545" time="0.038">
  <properties/>
  <testcase name="testHasWinnerDiagonal1()" classname="oo.jogodavelha.tests.regras.RegrasDeVitoriaTest" time="0.002"/>
  <testcase name="testHasWinnerDiagonal2()" classname="oo.jogodavelha.tests.regras.RegrasDeVitoriaTest" time="0.001"/>
  <testcase name="[1] 0, X" classname="oo.jogodavelha.tests.regras.RegrasDeVitoriaTest" time="0.001"/>
  <testcase name="[2] 0, O" classname="oo.jogodavelha.tests.regras.RegrasDeVitoriaTest" time="0.001"/>
  <testcase name="[3] 1, X" classname="oo.jogodavelha.tests.regras.RegrasDeVitoriaTest" time="0.001"/>
  <testcase name="[4] 1, O" classname="oo.jogodavelha.tests.regras.RegrasDeVitoriaTest" time="0.001"/>
  <testcase name="[5] 2, X" classname="oo.jogodavelha.tests.regras.RegrasDeVitoriaTest" time="0.001"/>
  <testcase name="[6] 2, O" classname="oo.jogodavelha.tests.regras.RegrasDeVitoriaTest" time="0.001"/>
  <testcase name="[1] 0, X" classname="oo.jogodavelha.tests.regras.RegrasDeVitoriaTest" time="0.001"/>
  <testcase name="[2] 0, O" classname="oo.jogodavelha.tests.regras.RegrasDeVitoriaTest" time="0.001"/>
  <testcase name="[3] 1, X" classname="oo.jogodavelha.tests.regras.RegrasDeVitoriaTest" time="0.001"/>
  <testcase name="[4] 1, O" classname="oo.jogodavelha.tests.regras.RegrasDeVitoriaTest" time="0.002"/>
  <testcase name="[5] 2, X" classname="oo.jogodavelha.tests.regras.RegrasDeVitoriaTest" time="0.001"/>
  <testcase name="[6] 2, O" classname="oo.jogodavelha.tests.regras.RegrasDeVitoriaTest" time="0.002"/>
  <system-out><![CDATA[Comece a partida :)


Jogador O ganhou!
Comece a partida :)


Jogador O ganhou!
Comece a partida :)


Jogador X ganhou!
Comece a partida :)


Jogador O ganhou!
Comece a partida :)


Jogador X ganhou!
Comece a partida :)


Jogador O ganhou!
Comece a partida :)


Jogador O ganhou!
Comece a partida :)


Jogador O ganhou!
Comece a partida :)


Jogador X ganhou!
Comece a partida :)


Jogador O ganhou!
Comece a partida :)


Jogador X ganhou!
Comece a partida :)


Jogador O ganhou!
Comece a partida :)


Jogador O ganhou!
Comece a partida :)


Jogador O ganhou!
]]></system-out>
  <system-err><![CDATA[]]></system-err>
</testsuite>
