<?xml version="1.0" encoding="UTF-8"?>
<testsuite name="oo.jogodavelha.tests.regras.RegrasDeJogadaTest" tests="69" skipped="0" failures="0" errors="0" timestamp="2021-08-27T02:19:12" hostname="LAPTOP-6LCBV545" time="0.304">
  <properties/>
  <testcase name="testJogadaValida()" classname="oo.jogodavelha.tests.regras.RegrasDeJogadaTest" time="0.035"/>
  <testcase name="[1] 1, 0, 0, 0, X" classname="oo.jogodavelha.tests.regras.RegrasDeJogadaTest" time="0.023"/>
  <testcase name="[2] 1, 0, 0, 0, O" classname="oo.jogodavelha.tests.regras.RegrasDeJogadaTest" time="0.001"/>
  <testcase name="[3] 0, 0, 0, 1, X" classname="oo.jogodavelha.tests.regras.RegrasDeJogadaTest" time="0.002"/>
  <testcase name="[4] 0, 0, 0, 1, O" classname="oo.jogodavelha.tests.regras.RegrasDeJogadaTest" time="0.002"/>
  <testcase name="[5] 0, 0, 0, 2, X" classname="oo.jogodavelha.tests.regras.RegrasDeJogadaTest" time="0.002"/>
  <testcase name="[6] 0, 0, 0, 2, O" classname="oo.jogodavelha.tests.regras.RegrasDeJogadaTest" time="0.001"/>
  <testcase name="[7] 0, 0, 1, 0, X" classname="oo.jogodavelha.tests.regras.RegrasDeJogadaTest" time="0.001"/>
  <testcase name="[8] 0, 0, 1, 0, O" classname="oo.jogodavelha.tests.regras.RegrasDeJogadaTest" time="0.001"/>
  <testcase name="[9] 0, 0, 1, 1, X" classname="oo.jogodavelha.tests.regras.RegrasDeJogadaTest" time="0.001"/>
  <testcase name="[10] 0, 0, 1, 1, O" classname="oo.jogodavelha.tests.regras.RegrasDeJogadaTest" time="0.001"/>
  <testcase name="[11] 1, 0, 1, 2, X" classname="oo.jogodavelha.tests.regras.RegrasDeJogadaTest" time="0.001"/>
  <testcase name="[12] 1, 0, 0, 2, O" classname="oo.jogodavelha.tests.regras.RegrasDeJogadaTest" time="0.002"/>
  <testcase name="[13] 0, 0, 2, 1, X" classname="oo.jogodavelha.tests.regras.RegrasDeJogadaTest" time="0.002"/>
  <testcase name="[14] 0, 0, 2, 1, O" classname="oo.jogodavelha.tests.regras.RegrasDeJogadaTest" time="0.001"/>
  <testcase name="[15] 0, 0, 2, 1, X" classname="oo.jogodavelha.tests.regras.RegrasDeJogadaTest" time="0.002"/>
  <testcase name="[16] 0, 0, 2, 1, O" classname="oo.jogodavelha.tests.regras.RegrasDeJogadaTest" time="0.002"/>
  <testcase name="[17] 1, 0, 2, 1, X" classname="oo.jogodavelha.tests.regras.RegrasDeJogadaTest" time="0.002"/>
  <testcase name="[18] 1, 0, 2, 1, O" classname="oo.jogodavelha.tests.regras.RegrasDeJogadaTest" time="0.001"/>
  <testcase name="[1] -1, 0" classname="oo.jogodavelha.tests.regras.RegrasDeJogadaTest" time="0.002"/>
  <testcase name="[2] -1, 1" classname="oo.jogodavelha.tests.regras.RegrasDeJogadaTest" time="0.001"/>
  <testcase name="[3] -1, 2" classname="oo.jogodavelha.tests.regras.RegrasDeJogadaTest" time="0.001"/>
  <testcase name="[4] 3, 0" classname="oo.jogodavelha.tests.regras.RegrasDeJogadaTest" time="0.001"/>
  <testcase name="[5] 3, 1" classname="oo.jogodavelha.tests.regras.RegrasDeJogadaTest" time="0.001"/>
  <testcase name="[6] 3, 2" classname="oo.jogodavelha.tests.regras.RegrasDeJogadaTest" time="0.001"/>
  <testcase name="[7] 0, -1" classname="oo.jogodavelha.tests.regras.RegrasDeJogadaTest" time="0.001"/>
  <testcase name="[8] 1, -1" classname="oo.jogodavelha.tests.regras.RegrasDeJogadaTest" time="0.001"/>
  <testcase name="[9] 2, -1" classname="oo.jogodavelha.tests.regras.RegrasDeJogadaTest" time="0.001"/>
  <testcase name="[10] 0, 3" classname="oo.jogodavelha.tests.regras.RegrasDeJogadaTest" time="0.001"/>
  <testcase name="[11] 1, 3" classname="oo.jogodavelha.tests.regras.RegrasDeJogadaTest" time="0.0"/>
  <testcase name="[12] 2, 3" classname="oo.jogodavelha.tests.regras.RegrasDeJogadaTest" time="0.001"/>
  <testcase name="[13] -1, -1" classname="oo.jogodavelha.tests.regras.RegrasDeJogadaTest" time="0.001"/>
  <testcase name="[14] 3, 3" classname="oo.jogodavelha.tests.regras.RegrasDeJogadaTest" time="0.001"/>
  <testcase name="[1] 0, 0, X, X" classname="oo.jogodavelha.tests.regras.RegrasDeJogadaTest" time="0.003"/>
  <testcase name="[2] 0, 0, X, O" classname="oo.jogodavelha.tests.regras.RegrasDeJogadaTest" time="0.001"/>
  <testcase name="[3] 0, 0, O, O" classname="oo.jogodavelha.tests.regras.RegrasDeJogadaTest" time="0.001"/>
  <testcase name="[4] 0, 0, O, X" classname="oo.jogodavelha.tests.regras.RegrasDeJogadaTest" time="0.001"/>
  <testcase name="[5] 0, 1, X, X" classname="oo.jogodavelha.tests.regras.RegrasDeJogadaTest" time="0.001"/>
  <testcase name="[6] 0, 1, X, O" classname="oo.jogodavelha.tests.regras.RegrasDeJogadaTest" time="0.001"/>
  <testcase name="[7] 0, 1, O, O" classname="oo.jogodavelha.tests.regras.RegrasDeJogadaTest" time="0.001"/>
  <testcase name="[8] 0, 1, O, X" classname="oo.jogodavelha.tests.regras.RegrasDeJogadaTest" time="0.002"/>
  <testcase name="[9] 0, 2, X, X" classname="oo.jogodavelha.tests.regras.RegrasDeJogadaTest" time="0.002"/>
  <testcase name="[10] 0, 2, X, O" classname="oo.jogodavelha.tests.regras.RegrasDeJogadaTest" time="0.001"/>
  <testcase name="[11] 0, 2, O, O" classname="oo.jogodavelha.tests.regras.RegrasDeJogadaTest" time="0.001"/>
  <testcase name="[12] 0, 2, O, X" classname="oo.jogodavelha.tests.regras.RegrasDeJogadaTest" time="0.001"/>
  <testcase name="[13] 1, 0, X, X" classname="oo.jogodavelha.tests.regras.RegrasDeJogadaTest" time="0.001"/>
  <testcase name="[14] 1, 0, X, O" classname="oo.jogodavelha.tests.regras.RegrasDeJogadaTest" time="0.001"/>
  <testcase name="[15] 1, 0, O, O" classname="oo.jogodavelha.tests.regras.RegrasDeJogadaTest" time="0.001"/>
  <testcase name="[16] 1, 0, O, X" classname="oo.jogodavelha.tests.regras.RegrasDeJogadaTest" time="0.002"/>
  <testcase name="[17] 1, 1, X, X" classname="oo.jogodavelha.tests.regras.RegrasDeJogadaTest" time="0.001"/>
  <testcase name="[18] 1, 1, X, O" classname="oo.jogodavelha.tests.regras.RegrasDeJogadaTest" time="0.001"/>
  <testcase name="[19] 1, 1, O, O" classname="oo.jogodavelha.tests.regras.RegrasDeJogadaTest" time="0.001"/>
  <testcase name="[20] 1, 1, O, X" classname="oo.jogodavelha.tests.regras.RegrasDeJogadaTest" time="0.001"/>
  <testcase name="[21] 1, 2, X, X" classname="oo.jogodavelha.tests.regras.RegrasDeJogadaTest" time="0.001"/>
  <testcase name="[22] 1, 2, X, O" classname="oo.jogodavelha.tests.regras.RegrasDeJogadaTest" time="0.002"/>
  <testcase name="[23] 1, 2, O, O" classname="oo.jogodavelha.tests.regras.RegrasDeJogadaTest" time="0.001"/>
  <testcase name="[24] 1, 2, O, X" classname="oo.jogodavelha.tests.regras.RegrasDeJogadaTest" time="0.001"/>
  <testcase name="[25] 2, 0, X, X" classname="oo.jogodavelha.tests.regras.RegrasDeJogadaTest" time="0.001"/>
  <testcase name="[26] 2, 0, X, O" classname="oo.jogodavelha.tests.regras.RegrasDeJogadaTest" time="0.002"/>
  <testcase name="[27] 2, 0, O, O" classname="oo.jogodavelha.tests.regras.RegrasDeJogadaTest" time="0.002"/>
  <testcase name="[28] 2, 0, O, X" classname="oo.jogodavelha.tests.regras.RegrasDeJogadaTest" time="0.003"/>
  <testcase name="[29] 2, 0, X, X" classname="oo.jogodavelha.tests.regras.RegrasDeJogadaTest" time="0.003"/>
  <testcase name="[30] 2, 1, X, O" classname="oo.jogodavelha.tests.regras.RegrasDeJogadaTest" time="0.001"/>
  <testcase name="[31] 2, 1, O, O" classname="oo.jogodavelha.tests.regras.RegrasDeJogadaTest" time="0.001"/>
  <testcase name="[32] 2, 1, O, X" classname="oo.jogodavelha.tests.regras.RegrasDeJogadaTest" time="0.001"/>
  <testcase name="[33] 2, 0, X, X" classname="oo.jogodavelha.tests.regras.RegrasDeJogadaTest" time="0.003"/>
  <testcase name="[34] 2, 2, X, O" classname="oo.jogodavelha.tests.regras.RegrasDeJogadaTest" time="0.002"/>
  <testcase name="[35] 2, 2, O, O" classname="oo.jogodavelha.tests.regras.RegrasDeJogadaTest" time="0.002"/>
  <testcase name="[36] 2, 2, O, X" classname="oo.jogodavelha.tests.regras.RegrasDeJogadaTest" time="0.001"/>
  <system-out><![CDATA[Comece a partida :)

Comece a partida :)

Comece a partida :)

Comece a partida :)

Comece a partida :)

Comece a partida :)

Comece a partida :)

Comece a partida :)

Comece a partida :)

Comece a partida :)

Comece a partida :)

Comece a partida :)

Comece a partida :)

Comece a partida :)

Comece a partida :)

Comece a partida :)

Comece a partida :)

Comece a partida :)

Comece a partida :)

Comece a partida :)

Comece a partida :)

Comece a partida :)

Comece a partida :)

Comece a partida :)

Comece a partida :)

Comece a partida :)

Comece a partida :)

Comece a partida :)

Comece a partida :)

Comece a partida :)

Comece a partida :)

Comece a partida :)

Comece a partida :)

Comece a partida :)

Comece a partida :)

Comece a partida :)

Comece a partida :)

Comece a partida :)

Comece a partida :)

Comece a partida :)

Comece a partida :)

Comece a partida :)

Comece a partida :)

Comece a partida :)

Comece a partida :)

Comece a partida :)

Comece a partida :)

Comece a partida :)

Comece a partida :)

Comece a partida :)

Comece a partida :)

Comece a partida :)

Comece a partida :)

Comece a partida :)

Comece a partida :)

Comece a partida :)

Comece a partida :)

Comece a partida :)

Comece a partida :)

Comece a partida :)

Comece a partida :)

Comece a partida :)

Comece a partida :)

]]></system-out>
  <system-err><![CDATA[]]></system-err>
</testsuite>
