<?xml version="1.0" encoding="UTF-8"?>
<testsuite name="oo.jogodavelha.tests.regras.RegrasDeConfiguracaoDeJogoTest" tests="1" skipped="0" failures="0" errors="0" timestamp="2021-08-26T21:03:11" hostname="LAPTOP-6LCBV545" time="0.0">
  <properties/>
  <testcase name="testEmptyJogoAtStart()" classname="oo.jogodavelha.tests.regras.RegrasDeConfiguracaoDeJogoTest" time="0.0"/>
  <system-out><![CDATA[]]></system-out>
  <system-err><![CDATA[]]></system-err>
</testsuite>
